2024-05-31 01:28:08,325 - DEBUG - Debug has been started
2024-05-31 01:28:08,325 - INFO - The program works
2024-05-31 01:28:08,325 - WARNING - An unexpected situation has been detected, but the program continues to operate
2024-05-31 01:28:08,325 - ERROR - Detect serious errors that affect program operations
2024-05-31 01:28:08,325 - CRITICAL - If an extremely serious error is detected, the program will stop immediately
2024-05-31 01:31:43,549 - DEBUG - Debug has been started
2024-05-31 01:31:43,554 - INFO - The program works
2024-05-31 01:31:43,554 - WARNING - An unexpected situation has been detected, but the program continues to operate
2024-05-31 01:31:43,554 - ERROR - Detect serious errors that affect program operations
2024-05-31 01:31:43,554 - CRITICAL - If an extremely serious error is detected, the program will stop immediately
2024-05-31 01:38:27,915 - DEBUG - Debug has been started
2024-05-31 01:38:27,916 - INFO - The program works
2024-05-31 01:38:27,916 - WARNING - An unexpected situation has been detected, but the program continues to operate
2024-05-31 01:38:27,916 - ERROR - Detect serious errors that affect program operations
2024-05-31 01:38:27,916 - CRITICAL - If an extremely serious error is detected, the program will stop immediately
2024-05-31 01:41:47,020 - DEBUG - Debug has been started
2024-05-31 01:41:47,020 - INFO - The program works
2024-05-31 01:41:47,021 - WARNING - An unexpected situation has been detected, but the program continues to operate
2024-05-31 01:41:47,021 - ERROR - Detect serious errors that affect program operations
2024-05-31 01:41:47,021 - CRITICAL - If an extremely serious error is detected, the program will stop immediately
2024-05-31 01:50:55,275 - DEBUG - Debug has been started
2024-05-31 01:50:55,275 - INFO - The program works
2024-05-31 01:50:55,275 - WARNING - An unexpected situation has been detected, but the program continues to operate
2024-05-31 01:50:55,275 - ERROR - Detect serious errors that affect program operations
2024-05-31 01:50:55,275 - CRITICAL - If an extremely serious error is detected, the program will stop immediately
2024-05-31 02:07:32,891 - DEBUG - Debug has been started
2024-05-31 02:07:32,891 - INFO - The program works
2024-05-31 02:07:32,891 - WARNING - An unexpected situation has been detected, but the program continues to operate
2024-05-31 02:07:32,891 - ERROR - Detect serious errors that affect program operations
2024-05-31 02:07:32,891 - CRITICAL - If an extremely serious error is detected, the program will stop immediately
2024-05-31 02:09:42,782 - DEBUG - Debug has been started
2024-05-31 02:09:42,782 - INFO - The program works
2024-05-31 02:09:42,782 - WARNING - An unexpected situation has been detected, but the program continues to operate
2024-05-31 02:09:42,782 - ERROR - Detect serious errors that affect program operations
2024-05-31 02:09:42,782 - CRITICAL - If an extremely serious error is detected, the program will stop immediately
2024-05-31 11:26:58,286 - DEBUG - Debug has been started
2024-05-31 11:26:58,287 - INFO - The program works
2024-05-31 11:26:58,287 - WARNING - An unexpected situation has been detected, but the program continues to operate
2024-05-31 11:26:58,287 - ERROR - Detect serious errors that affect program operations
2024-05-31 11:26:58,287 - CRITICAL - If an extremely serious error is detected, the program will stop immediately
2024-05-31 16:51:26,097 - DEBUG - Debug has been started
2024-05-31 16:51:26,097 - INFO - The program works
2024-05-31 16:51:26,097 - WARNING - An unexpected situation has been detected, but the program continues to operate
2024-05-31 16:51:26,097 - ERROR - Detect serious errors that affect program operations
2024-05-31 16:51:26,097 - CRITICAL - If an extremely serious error is detected, the program will stop immediately
2024-05-31 17:08:27,289 - DEBUG - Debug has been started
2024-05-31 17:08:27,294 - INFO - The program works
2024-05-31 17:08:27,294 - WARNING - An unexpected situation has been detected, but the program continues to operate
2024-05-31 17:08:27,294 - ERROR - Detect serious errors that affect program operations
2024-05-31 17:08:27,294 - CRITICAL - If an extremely serious error is detected, the program will stop immediately
2024-05-31 22:18:56,159 - DEBUG - Debug has been started
2024-05-31 22:18:56,165 - INFO - The program works
2024-05-31 22:18:56,165 - WARNING - An unexpected situation has been detected, but the program continues to operate
2024-05-31 22:18:56,165 - ERROR - Detect serious errors that affect program operations
2024-05-31 22:18:56,165 - CRITICAL - If an extremely serious error is detected, the program will stop immediately
2024-06-01 01:24:00,076 - DEBUG - Debug has been started
2024-06-01 01:24:00,081 - INFO - The program works
2024-06-01 01:24:00,081 - WARNING - An unexpected situation has been detected, but the program continues to operate
2024-06-01 01:24:00,082 - ERROR - Detect serious errors that affect program operations
2024-06-01 01:24:00,082 - CRITICAL - If an extremely serious error is detected, the program will stop immediately
2024-06-03 20:19:39,400 - DEBUG - Debug has been started
2024-06-03 20:19:39,401 - INFO - The program works
2024-06-03 20:19:39,401 - WARNING - An unexpected situation has been detected, but the program continues to operate
2024-06-03 20:19:39,401 - ERROR - Detect serious errors that affect program operations
2024-06-03 20:19:39,401 - CRITICAL - If an extremely serious error is detected, the program will stop immediately
2024-06-04 17:18:02,665 - DEBUG - Debug has been started
2024-06-04 17:18:02,671 - INFO - The program works
2024-06-04 17:18:02,672 - WARNING - An unexpected situation has been detected, but the program continues to operate
2024-06-04 17:18:02,672 - ERROR - Detect serious errors that affect program operations
2024-06-04 17:18:02,672 - CRITICAL - If an extremely serious error is detected, the program will stop immediately
2024-06-06 01:00:31,003 - DEBUG - Debug has been started
2024-06-06 01:00:31,008 - INFO - The program works
2024-06-06 01:00:31,008 - WARNING - An unexpected situation has been detected, but the program continues to operate
2024-06-06 01:00:31,008 - ERROR - Detect serious errors that affect program operations
2024-06-06 01:00:31,008 - CRITICAL - If an extremely serious error is detected, the program will stop immediately
